\BOOKMARK [1][-]{section.1}{\376\377\000G\000i\000r\000i\001\137\000\040\000v\000e\000\040\000P\000r\000o\000j\000e\000\040\000\326\000z\000e\000t\000i}{}% 1
\BOOKMARK [1][-]{section.2}{\376\377\000L\000i\000t\000e\000r\000a\000t\000\374\000r\000\040\000T\000a\000r\000a\000m\000a\000s\001\061}{}% 2
\BOOKMARK [1][-]{section.3}{\376\377\000H\000e\000d\000e\000f\000l\000e\000n\000e\000n\000\040\000T\000a\000s\000a\000r\001\061\000m\000\040\000v\000e\000\040\000G\000e\000r\000\347\000e\000k\000l\000e\000n\000e\000n\000\040\000S\000i\000s\000t\000e\000m}{}% 3
\BOOKMARK [2][-]{subsection.3.1}{\376\377\000K\000u\000l\000l\000a\000n\001\061\000l\000a\000n\000\040\000T\000e\000k\000n\000o\000l\000o\000j\000i\000l\000e\000r\000\040\000v\000e\000\040\000E\000n\000t\000e\000g\000r\000a\000s\000y\000o\000n\000l\000a\000r\001\061}{section.3}% 4
\BOOKMARK [3][-]{subsubsection.3.1.1}{\376\377\000T\000e\000r\000m\000i\000n\000o\000l\000o\000j\000i}{subsection.3.1}% 5
\BOOKMARK [3][-]{subsubsection.3.1.2}{\376\377\000P\000e\000r\000c\000e\000p\000t\000i\000o\000n\000\040\000N\000e\000u\000r\000o\000n}{subsection.3.1}% 6
\BOOKMARK [3][-]{subsubsection.3.1.3}{\376\377\000C\000a\000r\000d\000b\000o\000a\000r\000d}{subsection.3.1}% 7
\BOOKMARK [3][-]{subsubsection.3.1.4}{\376\377\000U\000n\000i\000t\000y}{subsection.3.1}% 8
\BOOKMARK [3][-]{subsubsection.3.1.5}{\376\377\000S\000i\000s\000t\000e\000m\000\040\000M\000i\000m\000a\000r\000i\000s\000i}{subsection.3.1}% 9
\BOOKMARK [2][-]{subsection.3.2}{\376\377\000S\000i\000s\000t\000e\000m\000\040\000G\000e\000r\000\347\000e\000k\000l\000e\000n\000m\000e\000s\000i}{section.3}% 10
\BOOKMARK [3][-]{subsubsection.3.2.1}{\376\377\000L\000o\000b\000i}{subsection.3.2}% 11
\BOOKMARK [3][-]{subsubsection.3.2.2}{\376\377\000S\000i\000m\000\374\000l\000a\000s\000y\000o\000n\000\040\000\307\000e\000v\000r\000e\000s\000i}{subsection.3.2}% 12
\BOOKMARK [3][-]{subsubsection.3.2.3}{\376\377\000\307\000a\000r\000p\001\061\001\137\000m\000a\000l\000a\000r\000\040\000v\000e\000\040\000F\000i\000z\000i\000k\000\040\000M\000o\000t\000o\000r\000u}{subsection.3.2}% 13
\BOOKMARK [3][-]{subsubsection.3.2.4}{\376\377\000A\001\037\000\040\000\334\000z\000e\000r\000i\000n\000d\000e\000n\000\040\000K\000u\000l\000l\000a\000n\001\061\000c\001\061\000l\000a\000r\001\061\000n\000\040\000B\000a\001\037\000l\000a\000n\000m\000a\000s\001\061}{subsection.3.2}% 14
\BOOKMARK [3][-]{subsubsection.3.2.5}{\376\377\000S\000i\000m\000\374\000l\000a\000s\000y\000o\000n\000\040\000A\000k\001\061\001\137\001\061\000\040\000v\000e\000\040\000M\000e\000k\000a\000n\000i\000k\000l\000e\000r}{subsection.3.2}% 15
\BOOKMARK [3][-]{subsubsection.3.2.6}{\376\377\000S\000a\000n\000a\000l\000\040\000G\000e\000r\000\347\000e\000k\000l\000i\000k}{subsection.3.2}% 16
\BOOKMARK [1][-]{section.4}{\376\377\000T\000e\000s\000t\000\040\000O\000r\000t\000a\000m\001\061\000\040\000v\000e\000\040\000T\000e\000s\000t\000l\000e\000r}{}% 17
\BOOKMARK [2][-]{subsection.4.1}{\376\377\000T\000e\000s\000t\000\040\000O\000r\000t\000a\000m\001\061}{section.4}% 18
\BOOKMARK [2][-]{subsection.4.2}{\376\377\000T\000e\000s\000t\000l\000e\000r}{section.4}% 19
\BOOKMARK [1][-]{section.5}{\376\377\000K\001\061\000y\000a\000s\000l\000a\000m\000a\000l\001\061\000\040\000D\000e\001\037\000e\000r\000l\000e\000n\000d\000i\000r\000m\000e\000\040\000v\000e\000\040\000T\000a\000r\000t\001\061\001\137\000m\000a}{}% 20
\BOOKMARK [1][-]{section.6}{\376\377\000S\000o\000n\000u\000\347\000\040\000v\000e\000\040\000G\000e\000l\000e\000c\000e\000k\000\040\000\307\000a\000l\001\061\001\137\000m\000a\000l\000a\000r}{}% 21
